


ARM Macro Assembler    Page 1 


    1 00000000         #line   1                "mbed-os/targets/TARGET_NORDIC/
TARGET_NRF5/TARGET_MCU_NRF52832/device/TOOLCHAIN_ARM_STD/startup_nrf52832.S"
    1 00000000         ;
    2 00000000         
    3 00000000         
    4 00000000         
    5 00000000         
    6 00000000         
    7 00000000         
    8 00000000         
    9 00000000         
   10 00000000         
   11 00000000         
   12 00000000         
   13 00000000         
   14 00000000         
   15 00000000         
   16 00000000         
   17 00000000         
   18 00000000         
   19 00000000         
   20 00000000         
   21 00000000         
   22 00000000         
   23 00000000         
   24 00000000         
   25 00000000         
   26 00000000         
   27 00000000         
   28 00000000 20010000 
                       __initial_sp
                               EQU              0x20010000
   29 00000000         
   30 00000000                 PRESERVE8
   31 00000000                 THUMB
   32 00000000         
   33 00000000         ; Vector Table Mapped to Address 0 at Reset
   34 00000000         
   35 00000000                 AREA             RESET, DATA, READONLY
   36 00000000                 EXPORT           __Vectors
   37 00000000                 EXPORT           __Vectors_End
   38 00000000                 EXPORT           __Vectors_Size
   39 00000000         
   40 00000000 20010000 
                       __Vectors
                               DCD              __initial_sp ; Top of Stack
   41 00000004 00000000        DCD              Reset_Handler
   42 00000008 00000000        DCD              NMI_Handler
   43 0000000C 00000000        DCD              HardFault_Handler
   44 00000010 00000000        DCD              MemoryManagement_Handler
   45 00000014 00000000        DCD              BusFault_Handler
   46 00000018 00000000        DCD              UsageFault_Handler
   47 0000001C 00000000        DCD              0           ; Reserved
   48 00000020 00000000        DCD              0           ; Reserved
   49 00000024 00000000        DCD              0           ; Reserved
   50 00000028 00000000        DCD              0           ; Reserved
   51 0000002C 00000000        DCD              SVC_Handler
   52 00000030 00000000        DCD              DebugMonitor_Handler
   53 00000034 00000000        DCD              0           ; Reserved



ARM Macro Assembler    Page 2 


   54 00000038 00000000        DCD              PendSV_Handler
   55 0000003C 00000000        DCD              SysTick_Handler
   56 00000040         
   57 00000040         ; External Interrupts
   58 00000040 00000000        DCD              POWER_CLOCK_IRQHandler
   59 00000044 00000000        DCD              RADIO_IRQHandler
   60 00000048 00000000        DCD              UARTE0_UART0_IRQHandler_v
   61 0000004C 00000000        DCD              SPIM0_SPIS0_TWIM0_TWIS0_SPI0_TW
I0_IRQHandler_v
   62 00000050 00000000        DCD              SPIM1_SPIS1_TWIM1_TWIS1_SPI1_TW
I1_IRQHandler_v
   63 00000054 00000000        DCD              NFCT_IRQHandler_v
   64 00000058 00000000        DCD              GPIOTE_IRQHandler_v
   65 0000005C 00000000        DCD              SAADC_IRQHandler_v
   66 00000060 00000000        DCD              TIMER0_IRQHandler_v
   67 00000064 00000000        DCD              TIMER1_IRQHandler_v
   68 00000068 00000000        DCD              TIMER2_IRQHandler_v
   69 0000006C 00000000        DCD              RTC0_IRQHandler
   70 00000070 00000000        DCD              TEMP_IRQHandler_v
   71 00000074 00000000        DCD              RNG_IRQHandler
   72 00000078 00000000        DCD              ECB_IRQHandler
   73 0000007C 00000000        DCD              CCM_AAR_IRQHandler
   74 00000080 00000000        DCD              WDT_IRQHandler_v
   75 00000084 00000000        DCD              RTC1_IRQHandler_v
   76 00000088 00000000        DCD              QDEC_IRQHandler_v
   77 0000008C 00000000        DCD              COMP_LPCOMP_IRQHandler_v
   78 00000090 00000000        DCD              SWI0_EGU0_IRQHandler_v
   79 00000094 00000000        DCD              SWI1_EGU1_IRQHandler_v
   80 00000098 00000000        DCD              SWI2_EGU2_IRQHandler_v
   81 0000009C 00000000        DCD              SWI3_EGU3_IRQHandler_v
   82 000000A0 00000000        DCD              SWI4_EGU4_IRQHandler
   83 000000A4 00000000        DCD              SWI5_EGU5_IRQHandler
   84 000000A8 00000000        DCD              TIMER3_IRQHandler_v
   85 000000AC 00000000        DCD              TIMER4_IRQHandler_v
   86 000000B0 00000000        DCD              PWM0_IRQHandler_v
   87 000000B4 00000000        DCD              PDM_IRQHandler_v
   88 000000B8 00000000        DCD              0           ; Reserved
   89 000000BC 00000000        DCD              0           ; Reserved
   90 000000C0 00000000        DCD              MWU_IRQHandler
   91 000000C4 00000000        DCD              PWM1_IRQHandler_v
   92 000000C8 00000000        DCD              PWM2_IRQHandler_v
   93 000000CC 00000000        DCD              SPIM2_SPIS2_SPI2_IRQHandler_v
   94 000000D0 00000000        DCD              RTC2_IRQHandler_v
   95 000000D4 00000000        DCD              I2S_IRQHandler_v
   96 000000D8 00000000        DCD              FPU_IRQHandler_v
   97 000000DC         
   98 000000DC         __Vectors_End
   99 000000DC         
  100 000000DC 000000DC 
                       __Vectors_Size
                               EQU              __Vectors_End - __Vectors
  101 000000DC         
  102 000000DC                 AREA             |.text|, CODE, READONLY
  103 00000000         
  104 00000000         ; Reset Handler
  105 00000000         
  106 00000000         
  107 00000000         Reset_Handler
                               PROC



ARM Macro Assembler    Page 3 


  108 00000000                 EXPORT           Reset_Handler             [WEAK
]
  109 00000000                 IMPORT           SystemInit
  110 00000000                 IMPORT           __main
  111 00000000                 IMPORT           nrf_reloc_vector_table
  112 00000000         
  113 00000000         
  114 00000000 4807            LDR              R0, =SystemInit
  115 00000002 4780            BLX              R0
  116 00000004 4807            LDR              R0, =nrf_reloc_vector_table
  117 00000006 4780            BLX              R0
  118 00000008 4807            LDR              R0, =__main
  119 0000000A 4700            BX               R0
  120 0000000C                 ENDP
  121 0000000C         
  122 0000000C         ; Dummy Exception Handlers (infinite loops which can be 
                       modified)
  123 0000000C         
  124 0000000C         NMI_Handler
                               PROC
  125 0000000C                 EXPORT           NMI_Handler               [WEAK
]
  126 0000000C E7FE            B                .
  127 0000000E                 ENDP
  128 0000000E         HardFault_Handler
                               PROC
  129 0000000E         
  130 0000000E                 EXPORT           HardFault_Handler         [WEAK
]
  131 0000000E E7FE            B                .
  132 00000010                 ENDP
  133 00000010         MemoryManagement_Handler
                               PROC
  134 00000010         
  135 00000010                 EXPORT           MemoryManagement_Handler  [WEAK
]
  136 00000010 E7FE            B                .
  137 00000012                 ENDP
  138 00000012         BusFault_Handler
                               PROC
  139 00000012         
  140 00000012                 EXPORT           BusFault_Handler          [WEAK
]
  141 00000012 E7FE            B                .
  142 00000014                 ENDP
  143 00000014         UsageFault_Handler
                               PROC
  144 00000014         
  145 00000014                 EXPORT           UsageFault_Handler        [WEAK
]
  146 00000014 E7FE            B                .
  147 00000016                 ENDP
  148 00000016         SVC_Handler
                               PROC
  149 00000016                 EXPORT           SVC_Handler               [WEAK
]
  150 00000016 E7FE            B                .
  151 00000018                 ENDP
  152 00000018         DebugMonitor_Handler



ARM Macro Assembler    Page 4 


                               PROC
  153 00000018         
  154 00000018                 EXPORT           DebugMonitor_Handler      [WEAK
]
  155 00000018 E7FE            B                .
  156 0000001A                 ENDP
  157 0000001A         PendSV_Handler
                               PROC
  158 0000001A                 EXPORT           PendSV_Handler            [WEAK
]
  159 0000001A E7FE            B                .
  160 0000001C                 ENDP
  161 0000001C         SysTick_Handler
                               PROC
  162 0000001C                 EXPORT           SysTick_Handler           [WEAK
]
  163 0000001C E7FE            B                .
  164 0000001E                 ENDP
  165 0000001E         
  166 0000001E         Default_Handler
                               PROC
  167 0000001E         
  168 0000001E                 EXPORT           POWER_CLOCK_IRQHandler [WEAK]
  169 0000001E                 EXPORT           RADIO_IRQHandler [WEAK]
  170 0000001E                 EXPORT           UARTE0_UART0_IRQHandler_v [WEAK
]
  171 0000001E                 EXPORT           SPIM0_SPIS0_TWIM0_TWIS0_SPI0_TW
I0_IRQHandler_v [WEAK]
  172 0000001E                 EXPORT           SPIM1_SPIS1_TWIM1_TWIS1_SPI1_TW
I1_IRQHandler_v [WEAK]
  173 0000001E                 EXPORT           NFCT_IRQHandler_v [WEAK]
  174 0000001E                 EXPORT           GPIOTE_IRQHandler_v [WEAK]
  175 0000001E                 EXPORT           SAADC_IRQHandler_v [WEAK]
  176 0000001E                 EXPORT           TIMER0_IRQHandler_v [WEAK]
  177 0000001E                 EXPORT           TIMER1_IRQHandler_v [WEAK]
  178 0000001E                 EXPORT           TIMER2_IRQHandler_v [WEAK]
  179 0000001E                 EXPORT           RTC0_IRQHandler [WEAK]
  180 0000001E                 EXPORT           TEMP_IRQHandler_v [WEAK]
  181 0000001E                 EXPORT           RNG_IRQHandler [WEAK]
  182 0000001E                 EXPORT           ECB_IRQHandler [WEAK]
  183 0000001E                 EXPORT           CCM_AAR_IRQHandler [WEAK]
  184 0000001E                 EXPORT           WDT_IRQHandler_v [WEAK]
  185 0000001E                 EXPORT           RTC1_IRQHandler_v [WEAK]
  186 0000001E                 EXPORT           QDEC_IRQHandler_v [WEAK]
  187 0000001E                 EXPORT           COMP_LPCOMP_IRQHandler_v [WEAK]
  188 0000001E                 EXPORT           SWI0_EGU0_IRQHandler_v [WEAK]
  189 0000001E                 EXPORT           SWI1_EGU1_IRQHandler_v [WEAK]
  190 0000001E                 EXPORT           SWI2_EGU2_IRQHandler_v [WEAK]
  191 0000001E                 EXPORT           SWI3_EGU3_IRQHandler_v [WEAK]
  192 0000001E                 EXPORT           SWI4_EGU4_IRQHandler [WEAK]
  193 0000001E                 EXPORT           SWI5_EGU5_IRQHandler [WEAK]
  194 0000001E                 EXPORT           TIMER3_IRQHandler_v [WEAK]
  195 0000001E                 EXPORT           TIMER4_IRQHandler_v [WEAK]
  196 0000001E                 EXPORT           PWM0_IRQHandler_v [WEAK]
  197 0000001E                 EXPORT           PDM_IRQHandler_v [WEAK]
  198 0000001E                 EXPORT           MWU_IRQHandler [WEAK]
  199 0000001E                 EXPORT           PWM1_IRQHandler_v [WEAK]
  200 0000001E                 EXPORT           PWM2_IRQHandler_v [WEAK]
  201 0000001E                 EXPORT           SPIM2_SPIS2_SPI2_IRQHandler_v [



ARM Macro Assembler    Page 5 


WEAK]
  202 0000001E                 EXPORT           RTC2_IRQHandler_v [WEAK]
  203 0000001E                 EXPORT           I2S_IRQHandler_v [WEAK]
  204 0000001E                 EXPORT           FPU_IRQHandler_v [WEAK]
  205 0000001E         POWER_CLOCK_IRQHandler
  206 0000001E         RADIO_IRQHandler
  207 0000001E         UARTE0_UART0_IRQHandler_v
  208 0000001E         SPIM0_SPIS0_TWIM0_TWIS0_SPI0_TWI0_IRQHandler_v
  209 0000001E         SPIM1_SPIS1_TWIM1_TWIS1_SPI1_TWI1_IRQHandler_v
  210 0000001E         NFCT_IRQHandler_v
  211 0000001E         GPIOTE_IRQHandler_v
  212 0000001E         SAADC_IRQHandler_v
  213 0000001E         TIMER0_IRQHandler_v
  214 0000001E         TIMER1_IRQHandler_v
  215 0000001E         TIMER2_IRQHandler_v
  216 0000001E         RTC0_IRQHandler
  217 0000001E         TEMP_IRQHandler_v
  218 0000001E         RNG_IRQHandler
  219 0000001E         ECB_IRQHandler
  220 0000001E         CCM_AAR_IRQHandler
  221 0000001E         WDT_IRQHandler_v
  222 0000001E         RTC1_IRQHandler_v
  223 0000001E         QDEC_IRQHandler_v
  224 0000001E         COMP_LPCOMP_IRQHandler_v
  225 0000001E         SWI0_EGU0_IRQHandler_v
  226 0000001E         SWI1_EGU1_IRQHandler_v
  227 0000001E         SWI2_EGU2_IRQHandler_v
  228 0000001E         SWI3_EGU3_IRQHandler_v
  229 0000001E         SWI4_EGU4_IRQHandler
  230 0000001E         SWI5_EGU5_IRQHandler
  231 0000001E         TIMER3_IRQHandler_v
  232 0000001E         TIMER4_IRQHandler_v
  233 0000001E         PWM0_IRQHandler_v
  234 0000001E         PDM_IRQHandler_v
  235 0000001E         MWU_IRQHandler
  236 0000001E         PWM1_IRQHandler_v
  237 0000001E         PWM2_IRQHandler_v
  238 0000001E         SPIM2_SPIS2_SPI2_IRQHandler_v
  239 0000001E         RTC2_IRQHandler_v
  240 0000001E         I2S_IRQHandler_v
  241 0000001E         FPU_IRQHandler_v
  242 0000001E E7FE            B                .
  243 00000020                 ENDP
  244 00000020                 ALIGN
  245 00000020                 END
              00000000 
              00000000 
              00000000 
Command Line: --debug --xref --cpreproc --diag_suppress=9931 --cpu=Cortex-M4.fp
 --apcs=interwork --depend=.\build\startup_nrf52832.d -o.\build\startup_nrf5283
2.o -I. -Iimg -Ishields -Isource -Isource/PersistentStorageHelper -Isource/Pers
istentStorageHelper/nrfPersistentStorageHelper -Imbed-os/. -Imbed-os/features -
Imbed-os/features/frameworks -Imbed-os/features/frameworks/greentea-client -Imb
ed-os/features/frameworks/greentea-client/greentea-client -Imbed-os/features/fr
ameworks/greentea-client/source -Imbed-os/features/frameworks/unity -Imbed-os/f
eatures/frameworks/unity/source -Imbed-os/features/frameworks/unity/unity -Imbe
d-os/features/frameworks/utest -Imbed-os/features/frameworks/utest/source -Imbe
d-os/features/frameworks/utest/utest -Imbed-os/features/mbedtls -Imbed-os/featu
res/mbedtls/importer -Imbed-os/features/mbedtls/inc -Imbed-os/features/mbedtls/



ARM Macro Assembler    Page 6 


inc/mbedtls -Imbed-os/features/mbedtls/src -Imbed-os/features/mbedtls/platform 
-Imbed-os/features/mbedtls/platform/inc -Imbed-os/features/mbedtls/platform/src
 -Imbed-os/features/mbedtls/targets -Imbed-os/features/nanostack -Imbed-os/feat
ures/storage -Imbed-os/features/netsocket -Imbed-os/features/netsocket/cellular
 -Imbed-os/features/netsocket/cellular/generic_modem_driver -Imbed-os/features/
netsocket/cellular/utils -Imbed-os/features/filesystem -Imbed-os/features/files
ystem/bd -Imbed-os/features/filesystem/fat -Imbed-os/features/filesystem/fat/Ch
aN -Imbed-os/cmsis -Imbed-os/cmsis/TARGET_CORTEX_M -Imbed-os/cmsis/TARGET_CORTE
X_M/TOOLCHAIN_ARM -Imbed-os/drivers -Imbed-os/events -Imbed-os/events/equeue -I
mbed-os/rtos -Imbed-os/rtos/rtx4 -Imbed-os/rtos/rtx5 -Imbed-os/rtos/rtx5/TARGET
_CORTEX_M -Imbed-os/rtos/rtx5/TARGET_CORTEX_M/TARGET_RTOS_M4_M7 -Imbed-os/rtos/
rtx5/TARGET_CORTEX_M/TARGET_RTOS_M4_M7/TOOLCHAIN_ARM -Imbed-os/hal -Imbed-os/ha
l/storage_abstraction -Imbed-os/platform -Imbed-os/targets -Imbed-os/targets/TA
RGET_NORDIC -Imbed-os/targets/TARGET_NORDIC/TARGET_NRF5 -Imbed-os/targets/TARGE
T_NORDIC/TARGET_NRF5/TARGET_MCU_NRF52832 -Imbed-os/targets/TARGET_NORDIC/TARGET
_NRF5/TARGET_MCU_NRF52832/TARGET_NRF52_DK -Imbed-os/targets/TARGET_NORDIC/TARGE
T_NRF5/TARGET_MCU_NRF52832/sdk_patch -Imbed-os/targets/TARGET_NORDIC/TARGET_NRF
5/TARGET_MCU_NRF52832/device -Imbed-os/targets/TARGET_NORDIC/TARGET_NRF5/TARGET
_MCU_NRF52832/device/TOOLCHAIN_ARM_STD -Imbed-os/targets/TARGET_NORDIC/TARGET_N
RF5/TARGET_MCU_NRF52832/sdk -Imbed-os/targets/TARGET_NORDIC/TARGET_NRF5/TARGET_
MCU_NRF52832/sdk/driver_nrf -Imbed-os/targets/TARGET_NORDIC/TARGET_NRF5/TARGET_
MCU_NRF52832/sdk/driver_nrf/pwm -Imbed-os/targets/TARGET_NORDIC/TARGET_NRF5/TAR
GET_MCU_NRF52832/sdk/driver_nrf/saadc -Imbed-os/targets/TARGET_NORDIC/TARGET_NR
F5/TARGET_MCU_NRF52832/sdk/softdevice -Imbed-os/targets/TARGET_NORDIC/TARGET_NR
F5/TARGET_MCU_NRF52832/sdk/softdevice/s132 -Imbed-os/targets/TARGET_NORDIC/TARG
ET_NRF5/TARGET_MCU_NRF52832/sdk/softdevice/s132/headers -Imbed-os/targets/TARGE
T_NORDIC/TARGET_NRF5/TARGET_MCU_NRF52832/sdk/softdevice/s132/headers/nrf52 -Imb
ed-os/targets/TARGET_NORDIC/TARGET_NRF5/TARGET_MCU_NRF52832/sdk/softdevice/s132
/hex -Imbed-os/targets/TARGET_NORDIC/TARGET_NRF5/TARGET_NRF52_COMMON -Imbed-os/
targets/TARGET_NORDIC/TARGET_NRF5/TARGET_SDK11 -Imbed-os/targets/TARGET_NORDIC/
TARGET_NRF5/TARGET_SDK11/ble -Imbed-os/targets/TARGET_NORDIC/TARGET_NRF5/TARGET
_SDK11/ble/ble_advertising -Imbed-os/targets/TARGET_NORDIC/TARGET_NRF5/TARGET_S
DK11/ble/ble_db_discovery -Imbed-os/targets/TARGET_NORDIC/TARGET_NRF5/TARGET_SD
K11/ble/ble_debug_assert_handler -Imbed-os/targets/TARGET_NORDIC/TARGET_NRF5/TA
RGET_SDK11/ble/ble_dtm -Imbed-os/targets/TARGET_NORDIC/TARGET_NRF5/TARGET_SDK11
/ble/ble_error_log -Imbed-os/targets/TARGET_NORDIC/TARGET_NRF5/TARGET_SDK11/ble
/ble_racp -Imbed-os/targets/TARGET_NORDIC/TARGET_NRF5/TARGET_SDK11/ble/ble_radi
o_notification -Imbed-os/targets/TARGET_NORDIC/TARGET_NRF5/TARGET_SDK11/ble/ble
_services -Imbed-os/targets/TARGET_NORDIC/TARGET_NRF5/TARGET_SDK11/ble/ble_serv
ices/ble_dfu -Imbed-os/targets/TARGET_NORDIC/TARGET_NRF5/TARGET_SDK11/ble/commo
n -Imbed-os/targets/TARGET_NORDIC/TARGET_NRF5/TARGET_SDK11/ble/device_manager -
Imbed-os/targets/TARGET_NORDIC/TARGET_NRF5/TARGET_SDK11/ble/device_manager/conf
ig -Imbed-os/targets/TARGET_NORDIC/TARGET_NRF5/TARGET_SDK11/ble/peer_manager -I
mbed-os/targets/TARGET_NORDIC/TARGET_NRF5/TARGET_SDK11/device -Imbed-os/targets
/TARGET_NORDIC/TARGET_NRF5/TARGET_SDK11/drivers_nrf -Imbed-os/targets/TARGET_NO
RDIC/TARGET_NRF5/TARGET_SDK11/drivers_nrf/ble_flash -Imbed-os/targets/TARGET_NO
RDIC/TARGET_NRF5/TARGET_SDK11/drivers_nrf/clock -Imbed-os/targets/TARGET_NORDIC
/TARGET_NRF5/TARGET_SDK11/drivers_nrf/common -Imbed-os/targets/TARGET_NORDIC/TA
RGET_NRF5/TARGET_SDK11/drivers_nrf/config -Imbed-os/targets/TARGET_NORDIC/TARGE
T_NRF5/TARGET_SDK11/drivers_nrf/delay -Imbed-os/targets/TARGET_NORDIC/TARGET_NR
F5/TARGET_SDK11/drivers_nrf/gpiote -Imbed-os/targets/TARGET_NORDIC/TARGET_NRF5/
TARGET_SDK11/drivers_nrf/hal -Imbed-os/targets/TARGET_NORDIC/TARGET_NRF5/TARGET
_SDK11/drivers_nrf/ppi -Imbed-os/targets/TARGET_NORDIC/TARGET_NRF5/TARGET_SDK11
/drivers_nrf/pstorage -Imbed-os/targets/TARGET_NORDIC/TARGET_NRF5/TARGET_SDK11/
drivers_nrf/pstorage/config -Imbed-os/targets/TARGET_NORDIC/TARGET_NRF5/TARGET_
SDK11/drivers_nrf/spi_master -Imbed-os/targets/TARGET_NORDIC/TARGET_NRF5/TARGET
_SDK11/drivers_nrf/spi_slave -Imbed-os/targets/TARGET_NORDIC/TARGET_NRF5/TARGET
_SDK11/drivers_nrf/timer -Imbed-os/targets/TARGET_NORDIC/TARGET_NRF5/TARGET_SDK
11/libraries -Imbed-os/targets/TARGET_NORDIC/TARGET_NRF5/TARGET_SDK11/libraries



ARM Macro Assembler    Page 7 


/bootloader_dfu -Imbed-os/targets/TARGET_NORDIC/TARGET_NRF5/TARGET_SDK11/librar
ies/bootloader_dfu/hci_transport -Imbed-os/targets/TARGET_NORDIC/TARGET_NRF5/TA
RGET_SDK11/libraries/crc16 -Imbed-os/targets/TARGET_NORDIC/TARGET_NRF5/TARGET_S
DK11/libraries/experimental_section_vars -Imbed-os/targets/TARGET_NORDIC/TARGET
_NRF5/TARGET_SDK11/libraries/fds -Imbed-os/targets/TARGET_NORDIC/TARGET_NRF5/TA
RGET_SDK11/libraries/fds/config -Imbed-os/targets/TARGET_NORDIC/TARGET_NRF5/TAR
GET_SDK11/libraries/fstorage -Imbed-os/targets/TARGET_NORDIC/TARGET_NRF5/TARGET
_SDK11/libraries/fstorage/config -Imbed-os/targets/TARGET_NORDIC/TARGET_NRF5/TA
RGET_SDK11/libraries/hci -Imbed-os/targets/TARGET_NORDIC/TARGET_NRF5/TARGET_SDK
11/libraries/hci/config -Imbed-os/targets/TARGET_NORDIC/TARGET_NRF5/TARGET_SDK1
1/libraries/pwm -Imbed-os/targets/TARGET_NORDIC/TARGET_NRF5/TARGET_SDK11/librar
ies/scheduler -Imbed-os/targets/TARGET_NORDIC/TARGET_NRF5/TARGET_SDK11/librarie
s/trace -Imbed-os/targets/TARGET_NORDIC/TARGET_NRF5/TARGET_SDK11/libraries/util
 -Imbed-os/targets/TARGET_NORDIC/TARGET_NRF5/TARGET_SDK11/softdevice -Imbed-os/
targets/TARGET_NORDIC/TARGET_NRF5/TARGET_SDK11/softdevice/common -Imbed-os/targ
ets/TARGET_NORDIC/TARGET_NRF5/TARGET_SDK11/softdevice/common/softdevice_handler
 -Imbed-os/targets/TARGET_NORDIC/TARGET_NRF5/porting_tools -Imbed-os/features/F
EATURE_BLE -Imbed-os/features/FEATURE_BLE/ble -Imbed-os/features/FEATURE_BLE/bl
e/services -Imbed-os/features/FEATURE_BLE/source -Imbed-os/features/FEATURE_BLE
/source/services -Imbed-os/features/FEATURE_BLE/targets -Imbed-os/features/FEAT
URE_BLE/targets/TARGET_NORDIC -Imbed-os/features/FEATURE_BLE/targets/TARGET_NOR
DIC/TARGET_NRF5 -Imbed-os/features/FEATURE_BLE/targets/TARGET_NORDIC/TARGET_NRF
5/source -Imbed-os/features/FEATURE_BLE/targets/TARGET_NORDIC/TARGET_NRF5/sourc
e/btle -Imbed-os/features/FEATURE_BLE/targets/TARGET_NORDIC/TARGET_NRF5/source/
btle/custom -Imbed-os/features/FEATURE_BLE/targets/TARGET_NORDIC/TARGET_NRF5/so
urce/common -I.\RTE\_mbed-os-example-ble-EddystoneService -IC:\Keil_v5\ARM\PACK
\NordicSemiconductor\nRF_DeviceFamilyPack\8.14.1\Device\Include -IC:\Keil_v5\AR
M\CMSIS\Include --predefine="__UVISION_VERSION SETA 524" --predefine="NRF52 SET
A 1" --cpreproc_opts=-D__ASSERT_MSG,-DCMSIS_VECTAB_VIRTUAL,-DNRF52,-D__FPU_PRES
ENT=1,-D__MBED_CMSIS_RTOS_CM,-D__CMSIS_RTOS,-DBOARD_PCA10040,-DNRF52_PAN_12,-DN
RF52_PAN_15,-DNRF52_PAN_58,-DNRF52_PAN_55,-DNRF52_PAN_54,-DNRF52_PAN_31,-DNRF52
_PAN_30,-DNRF52_PAN_51,-DNRF52_PAN_36,-DNRF52_PAN_53,-DTARGET_NRF52832,-D__CORT
EX_M4,-DNRF52_PAN_63,-DCONFIG_GPIO_AS_PINRESET,-DBLE_STACK_SUPPORT_REQD,-DSWI_D
ISABLE0,-DNRF52_PAN_20,-DCMSIS_VECTAB_VIRTUAL_HEADER_FILE=cmsis_nvic.h,-DNRF52_
PAN_64,-DSOFTDEVICE_PRESENT,-DNRF52_PAN_62,-DS132,-DARM_MATH_CM4 --list=.\build
\startup_nrf52832.lst mbed-os/targets/TARGET_NORDIC/TARGET_NRF5/TARGET_MCU_NRF5
2832/device/TOOLCHAIN_ARM_STD/startup_nrf52832.S



ARM Macro Assembler    Page 1 Alphabetic symbol ordering
Relocatable symbols

RESET 00000000

Symbol: RESET
   Definitions
      At line 35 in file mbed-os\targets\TARGET_NORDIC\TARGET_NRF5\TARGET_MCU_N
RF52832\device\TOOLCHAIN_ARM_STD\startup_nrf52832.S
   Uses
      None
Comment: RESET unused
__Vectors 00000000

Symbol: __Vectors
   Definitions
      At line 40 in file mbed-os\targets\TARGET_NORDIC\TARGET_NRF5\TARGET_MCU_N
RF52832\device\TOOLCHAIN_ARM_STD\startup_nrf52832.S
   Uses
      At line 36 in file mbed-os\targets\TARGET_NORDIC\TARGET_NRF5\TARGET_MCU_N
RF52832\device\TOOLCHAIN_ARM_STD\startup_nrf52832.S
      At line 100 in file mbed-os\targets\TARGET_NORDIC\TARGET_NRF5\TARGET_MCU_
NRF52832\device\TOOLCHAIN_ARM_STD\startup_nrf52832.S

__Vectors_End 000000DC

Symbol: __Vectors_End
   Definitions
      At line 98 in file mbed-os\targets\TARGET_NORDIC\TARGET_NRF5\TARGET_MCU_N
RF52832\device\TOOLCHAIN_ARM_STD\startup_nrf52832.S
   Uses
      At line 37 in file mbed-os\targets\TARGET_NORDIC\TARGET_NRF5\TARGET_MCU_N
RF52832\device\TOOLCHAIN_ARM_STD\startup_nrf52832.S
      At line 100 in file mbed-os\targets\TARGET_NORDIC\TARGET_NRF5\TARGET_MCU_
NRF52832\device\TOOLCHAIN_ARM_STD\startup_nrf52832.S

3 symbols



ARM Macro Assembler    Page 1 Alphabetic symbol ordering
Relocatable symbols

.text 00000000

Symbol: .text
   Definitions
      At line 102 in file mbed-os\targets\TARGET_NORDIC\TARGET_NRF5\TARGET_MCU_
NRF52832\device\TOOLCHAIN_ARM_STD\startup_nrf52832.S
   Uses
      None
Comment: .text unused
BusFault_Handler 00000012

Symbol: BusFault_Handler
   Definitions
      At line 138 in file mbed-os\targets\TARGET_NORDIC\TARGET_NRF5\TARGET_MCU_
NRF52832\device\TOOLCHAIN_ARM_STD\startup_nrf52832.S
   Uses
      At line 45 in file mbed-os\targets\TARGET_NORDIC\TARGET_NRF5\TARGET_MCU_N
RF52832\device\TOOLCHAIN_ARM_STD\startup_nrf52832.S
      At line 140 in file mbed-os\targets\TARGET_NORDIC\TARGET_NRF5\TARGET_MCU_
NRF52832\device\TOOLCHAIN_ARM_STD\startup_nrf52832.S

CCM_AAR_IRQHandler 0000001E

Symbol: CCM_AAR_IRQHandler
   Definitions
      At line 220 in file mbed-os\targets\TARGET_NORDIC\TARGET_NRF5\TARGET_MCU_
NRF52832\device\TOOLCHAIN_ARM_STD\startup_nrf52832.S
   Uses
      At line 73 in file mbed-os\targets\TARGET_NORDIC\TARGET_NRF5\TARGET_MCU_N
RF52832\device\TOOLCHAIN_ARM_STD\startup_nrf52832.S
      At line 183 in file mbed-os\targets\TARGET_NORDIC\TARGET_NRF5\TARGET_MCU_
NRF52832\device\TOOLCHAIN_ARM_STD\startup_nrf52832.S

COMP_LPCOMP_IRQHandler_v 0000001E

Symbol: COMP_LPCOMP_IRQHandler_v
   Definitions
      At line 224 in file mbed-os\targets\TARGET_NORDIC\TARGET_NRF5\TARGET_MCU_
NRF52832\device\TOOLCHAIN_ARM_STD\startup_nrf52832.S
   Uses
      At line 77 in file mbed-os\targets\TARGET_NORDIC\TARGET_NRF5\TARGET_MCU_N
RF52832\device\TOOLCHAIN_ARM_STD\startup_nrf52832.S
      At line 187 in file mbed-os\targets\TARGET_NORDIC\TARGET_NRF5\TARGET_MCU_
NRF52832\device\TOOLCHAIN_ARM_STD\startup_nrf52832.S

DebugMonitor_Handler 00000018

Symbol: DebugMonitor_Handler
   Definitions
      At line 152 in file mbed-os\targets\TARGET_NORDIC\TARGET_NRF5\TARGET_MCU_
NRF52832\device\TOOLCHAIN_ARM_STD\startup_nrf52832.S
   Uses
      At line 52 in file mbed-os\targets\TARGET_NORDIC\TARGET_NRF5\TARGET_MCU_N
RF52832\device\TOOLCHAIN_ARM_STD\startup_nrf52832.S
      At line 154 in file mbed-os\targets\TARGET_NORDIC\TARGET_NRF5\TARGET_MCU_
NRF52832\device\TOOLCHAIN_ARM_STD\startup_nrf52832.S

Default_Handler 0000001E




ARM Macro Assembler    Page 2 Alphabetic symbol ordering
Relocatable symbols

Symbol: Default_Handler
   Definitions
      At line 166 in file mbed-os\targets\TARGET_NORDIC\TARGET_NRF5\TARGET_MCU_
NRF52832\device\TOOLCHAIN_ARM_STD\startup_nrf52832.S
   Uses
      None
Comment: Default_Handler unused
ECB_IRQHandler 0000001E

Symbol: ECB_IRQHandler
   Definitions
      At line 219 in file mbed-os\targets\TARGET_NORDIC\TARGET_NRF5\TARGET_MCU_
NRF52832\device\TOOLCHAIN_ARM_STD\startup_nrf52832.S
   Uses
      At line 72 in file mbed-os\targets\TARGET_NORDIC\TARGET_NRF5\TARGET_MCU_N
RF52832\device\TOOLCHAIN_ARM_STD\startup_nrf52832.S
      At line 182 in file mbed-os\targets\TARGET_NORDIC\TARGET_NRF5\TARGET_MCU_
NRF52832\device\TOOLCHAIN_ARM_STD\startup_nrf52832.S

FPU_IRQHandler_v 0000001E

Symbol: FPU_IRQHandler_v
   Definitions
      At line 241 in file mbed-os\targets\TARGET_NORDIC\TARGET_NRF5\TARGET_MCU_
NRF52832\device\TOOLCHAIN_ARM_STD\startup_nrf52832.S
   Uses
      At line 96 in file mbed-os\targets\TARGET_NORDIC\TARGET_NRF5\TARGET_MCU_N
RF52832\device\TOOLCHAIN_ARM_STD\startup_nrf52832.S
      At line 204 in file mbed-os\targets\TARGET_NORDIC\TARGET_NRF5\TARGET_MCU_
NRF52832\device\TOOLCHAIN_ARM_STD\startup_nrf52832.S

GPIOTE_IRQHandler_v 0000001E

Symbol: GPIOTE_IRQHandler_v
   Definitions
      At line 211 in file mbed-os\targets\TARGET_NORDIC\TARGET_NRF5\TARGET_MCU_
NRF52832\device\TOOLCHAIN_ARM_STD\startup_nrf52832.S
   Uses
      At line 64 in file mbed-os\targets\TARGET_NORDIC\TARGET_NRF5\TARGET_MCU_N
RF52832\device\TOOLCHAIN_ARM_STD\startup_nrf52832.S
      At line 174 in file mbed-os\targets\TARGET_NORDIC\TARGET_NRF5\TARGET_MCU_
NRF52832\device\TOOLCHAIN_ARM_STD\startup_nrf52832.S

HardFault_Handler 0000000E

Symbol: HardFault_Handler
   Definitions
      At line 128 in file mbed-os\targets\TARGET_NORDIC\TARGET_NRF5\TARGET_MCU_
NRF52832\device\TOOLCHAIN_ARM_STD\startup_nrf52832.S
   Uses
      At line 43 in file mbed-os\targets\TARGET_NORDIC\TARGET_NRF5\TARGET_MCU_N
RF52832\device\TOOLCHAIN_ARM_STD\startup_nrf52832.S
      At line 130 in file mbed-os\targets\TARGET_NORDIC\TARGET_NRF5\TARGET_MCU_
NRF52832\device\TOOLCHAIN_ARM_STD\startup_nrf52832.S

I2S_IRQHandler_v 0000001E

Symbol: I2S_IRQHandler_v
   Definitions



ARM Macro Assembler    Page 3 Alphabetic symbol ordering
Relocatable symbols

      At line 240 in file mbed-os\targets\TARGET_NORDIC\TARGET_NRF5\TARGET_MCU_
NRF52832\device\TOOLCHAIN_ARM_STD\startup_nrf52832.S
   Uses
      At line 95 in file mbed-os\targets\TARGET_NORDIC\TARGET_NRF5\TARGET_MCU_N
RF52832\device\TOOLCHAIN_ARM_STD\startup_nrf52832.S
      At line 203 in file mbed-os\targets\TARGET_NORDIC\TARGET_NRF5\TARGET_MCU_
NRF52832\device\TOOLCHAIN_ARM_STD\startup_nrf52832.S

MWU_IRQHandler 0000001E

Symbol: MWU_IRQHandler
   Definitions
      At line 235 in file mbed-os\targets\TARGET_NORDIC\TARGET_NRF5\TARGET_MCU_
NRF52832\device\TOOLCHAIN_ARM_STD\startup_nrf52832.S
   Uses
      At line 90 in file mbed-os\targets\TARGET_NORDIC\TARGET_NRF5\TARGET_MCU_N
RF52832\device\TOOLCHAIN_ARM_STD\startup_nrf52832.S
      At line 198 in file mbed-os\targets\TARGET_NORDIC\TARGET_NRF5\TARGET_MCU_
NRF52832\device\TOOLCHAIN_ARM_STD\startup_nrf52832.S

MemoryManagement_Handler 00000010

Symbol: MemoryManagement_Handler
   Definitions
      At line 133 in file mbed-os\targets\TARGET_NORDIC\TARGET_NRF5\TARGET_MCU_
NRF52832\device\TOOLCHAIN_ARM_STD\startup_nrf52832.S
   Uses
      At line 44 in file mbed-os\targets\TARGET_NORDIC\TARGET_NRF5\TARGET_MCU_N
RF52832\device\TOOLCHAIN_ARM_STD\startup_nrf52832.S
      At line 135 in file mbed-os\targets\TARGET_NORDIC\TARGET_NRF5\TARGET_MCU_
NRF52832\device\TOOLCHAIN_ARM_STD\startup_nrf52832.S

NFCT_IRQHandler_v 0000001E

Symbol: NFCT_IRQHandler_v
   Definitions
      At line 210 in file mbed-os\targets\TARGET_NORDIC\TARGET_NRF5\TARGET_MCU_
NRF52832\device\TOOLCHAIN_ARM_STD\startup_nrf52832.S
   Uses
      At line 63 in file mbed-os\targets\TARGET_NORDIC\TARGET_NRF5\TARGET_MCU_N
RF52832\device\TOOLCHAIN_ARM_STD\startup_nrf52832.S
      At line 173 in file mbed-os\targets\TARGET_NORDIC\TARGET_NRF5\TARGET_MCU_
NRF52832\device\TOOLCHAIN_ARM_STD\startup_nrf52832.S

NMI_Handler 0000000C

Symbol: NMI_Handler
   Definitions
      At line 124 in file mbed-os\targets\TARGET_NORDIC\TARGET_NRF5\TARGET_MCU_
NRF52832\device\TOOLCHAIN_ARM_STD\startup_nrf52832.S
   Uses
      At line 42 in file mbed-os\targets\TARGET_NORDIC\TARGET_NRF5\TARGET_MCU_N
RF52832\device\TOOLCHAIN_ARM_STD\startup_nrf52832.S
      At line 125 in file mbed-os\targets\TARGET_NORDIC\TARGET_NRF5\TARGET_MCU_
NRF52832\device\TOOLCHAIN_ARM_STD\startup_nrf52832.S

PDM_IRQHandler_v 0000001E

Symbol: PDM_IRQHandler_v



ARM Macro Assembler    Page 4 Alphabetic symbol ordering
Relocatable symbols

   Definitions
      At line 234 in file mbed-os\targets\TARGET_NORDIC\TARGET_NRF5\TARGET_MCU_
NRF52832\device\TOOLCHAIN_ARM_STD\startup_nrf52832.S
   Uses
      At line 87 in file mbed-os\targets\TARGET_NORDIC\TARGET_NRF5\TARGET_MCU_N
RF52832\device\TOOLCHAIN_ARM_STD\startup_nrf52832.S
      At line 197 in file mbed-os\targets\TARGET_NORDIC\TARGET_NRF5\TARGET_MCU_
NRF52832\device\TOOLCHAIN_ARM_STD\startup_nrf52832.S

POWER_CLOCK_IRQHandler 0000001E

Symbol: POWER_CLOCK_IRQHandler
   Definitions
      At line 205 in file mbed-os\targets\TARGET_NORDIC\TARGET_NRF5\TARGET_MCU_
NRF52832\device\TOOLCHAIN_ARM_STD\startup_nrf52832.S
   Uses
      At line 58 in file mbed-os\targets\TARGET_NORDIC\TARGET_NRF5\TARGET_MCU_N
RF52832\device\TOOLCHAIN_ARM_STD\startup_nrf52832.S
      At line 168 in file mbed-os\targets\TARGET_NORDIC\TARGET_NRF5\TARGET_MCU_
NRF52832\device\TOOLCHAIN_ARM_STD\startup_nrf52832.S

PWM0_IRQHandler_v 0000001E

Symbol: PWM0_IRQHandler_v
   Definitions
      At line 233 in file mbed-os\targets\TARGET_NORDIC\TARGET_NRF5\TARGET_MCU_
NRF52832\device\TOOLCHAIN_ARM_STD\startup_nrf52832.S
   Uses
      At line 86 in file mbed-os\targets\TARGET_NORDIC\TARGET_NRF5\TARGET_MCU_N
RF52832\device\TOOLCHAIN_ARM_STD\startup_nrf52832.S
      At line 196 in file mbed-os\targets\TARGET_NORDIC\TARGET_NRF5\TARGET_MCU_
NRF52832\device\TOOLCHAIN_ARM_STD\startup_nrf52832.S

PWM1_IRQHandler_v 0000001E

Symbol: PWM1_IRQHandler_v
   Definitions
      At line 236 in file mbed-os\targets\TARGET_NORDIC\TARGET_NRF5\TARGET_MCU_
NRF52832\device\TOOLCHAIN_ARM_STD\startup_nrf52832.S
   Uses
      At line 91 in file mbed-os\targets\TARGET_NORDIC\TARGET_NRF5\TARGET_MCU_N
RF52832\device\TOOLCHAIN_ARM_STD\startup_nrf52832.S
      At line 199 in file mbed-os\targets\TARGET_NORDIC\TARGET_NRF5\TARGET_MCU_
NRF52832\device\TOOLCHAIN_ARM_STD\startup_nrf52832.S

PWM2_IRQHandler_v 0000001E

Symbol: PWM2_IRQHandler_v
   Definitions
      At line 237 in file mbed-os\targets\TARGET_NORDIC\TARGET_NRF5\TARGET_MCU_
NRF52832\device\TOOLCHAIN_ARM_STD\startup_nrf52832.S
   Uses
      At line 92 in file mbed-os\targets\TARGET_NORDIC\TARGET_NRF5\TARGET_MCU_N
RF52832\device\TOOLCHAIN_ARM_STD\startup_nrf52832.S
      At line 200 in file mbed-os\targets\TARGET_NORDIC\TARGET_NRF5\TARGET_MCU_
NRF52832\device\TOOLCHAIN_ARM_STD\startup_nrf52832.S

PendSV_Handler 0000001A




ARM Macro Assembler    Page 5 Alphabetic symbol ordering
Relocatable symbols

Symbol: PendSV_Handler
   Definitions
      At line 157 in file mbed-os\targets\TARGET_NORDIC\TARGET_NRF5\TARGET_MCU_
NRF52832\device\TOOLCHAIN_ARM_STD\startup_nrf52832.S
   Uses
      At line 54 in file mbed-os\targets\TARGET_NORDIC\TARGET_NRF5\TARGET_MCU_N
RF52832\device\TOOLCHAIN_ARM_STD\startup_nrf52832.S
      At line 158 in file mbed-os\targets\TARGET_NORDIC\TARGET_NRF5\TARGET_MCU_
NRF52832\device\TOOLCHAIN_ARM_STD\startup_nrf52832.S

QDEC_IRQHandler_v 0000001E

Symbol: QDEC_IRQHandler_v
   Definitions
      At line 223 in file mbed-os\targets\TARGET_NORDIC\TARGET_NRF5\TARGET_MCU_
NRF52832\device\TOOLCHAIN_ARM_STD\startup_nrf52832.S
   Uses
      At line 76 in file mbed-os\targets\TARGET_NORDIC\TARGET_NRF5\TARGET_MCU_N
RF52832\device\TOOLCHAIN_ARM_STD\startup_nrf52832.S
      At line 186 in file mbed-os\targets\TARGET_NORDIC\TARGET_NRF5\TARGET_MCU_
NRF52832\device\TOOLCHAIN_ARM_STD\startup_nrf52832.S

RADIO_IRQHandler 0000001E

Symbol: RADIO_IRQHandler
   Definitions
      At line 206 in file mbed-os\targets\TARGET_NORDIC\TARGET_NRF5\TARGET_MCU_
NRF52832\device\TOOLCHAIN_ARM_STD\startup_nrf52832.S
   Uses
      At line 59 in file mbed-os\targets\TARGET_NORDIC\TARGET_NRF5\TARGET_MCU_N
RF52832\device\TOOLCHAIN_ARM_STD\startup_nrf52832.S
      At line 169 in file mbed-os\targets\TARGET_NORDIC\TARGET_NRF5\TARGET_MCU_
NRF52832\device\TOOLCHAIN_ARM_STD\startup_nrf52832.S

RNG_IRQHandler 0000001E

Symbol: RNG_IRQHandler
   Definitions
      At line 218 in file mbed-os\targets\TARGET_NORDIC\TARGET_NRF5\TARGET_MCU_
NRF52832\device\TOOLCHAIN_ARM_STD\startup_nrf52832.S
   Uses
      At line 71 in file mbed-os\targets\TARGET_NORDIC\TARGET_NRF5\TARGET_MCU_N
RF52832\device\TOOLCHAIN_ARM_STD\startup_nrf52832.S
      At line 181 in file mbed-os\targets\TARGET_NORDIC\TARGET_NRF5\TARGET_MCU_
NRF52832\device\TOOLCHAIN_ARM_STD\startup_nrf52832.S

RTC0_IRQHandler 0000001E

Symbol: RTC0_IRQHandler
   Definitions
      At line 216 in file mbed-os\targets\TARGET_NORDIC\TARGET_NRF5\TARGET_MCU_
NRF52832\device\TOOLCHAIN_ARM_STD\startup_nrf52832.S
   Uses
      At line 69 in file mbed-os\targets\TARGET_NORDIC\TARGET_NRF5\TARGET_MCU_N
RF52832\device\TOOLCHAIN_ARM_STD\startup_nrf52832.S
      At line 179 in file mbed-os\targets\TARGET_NORDIC\TARGET_NRF5\TARGET_MCU_
NRF52832\device\TOOLCHAIN_ARM_STD\startup_nrf52832.S

RTC1_IRQHandler_v 0000001E



ARM Macro Assembler    Page 6 Alphabetic symbol ordering
Relocatable symbols


Symbol: RTC1_IRQHandler_v
   Definitions
      At line 222 in file mbed-os\targets\TARGET_NORDIC\TARGET_NRF5\TARGET_MCU_
NRF52832\device\TOOLCHAIN_ARM_STD\startup_nrf52832.S
   Uses
      At line 75 in file mbed-os\targets\TARGET_NORDIC\TARGET_NRF5\TARGET_MCU_N
RF52832\device\TOOLCHAIN_ARM_STD\startup_nrf52832.S
      At line 185 in file mbed-os\targets\TARGET_NORDIC\TARGET_NRF5\TARGET_MCU_
NRF52832\device\TOOLCHAIN_ARM_STD\startup_nrf52832.S

RTC2_IRQHandler_v 0000001E

Symbol: RTC2_IRQHandler_v
   Definitions
      At line 239 in file mbed-os\targets\TARGET_NORDIC\TARGET_NRF5\TARGET_MCU_
NRF52832\device\TOOLCHAIN_ARM_STD\startup_nrf52832.S
   Uses
      At line 94 in file mbed-os\targets\TARGET_NORDIC\TARGET_NRF5\TARGET_MCU_N
RF52832\device\TOOLCHAIN_ARM_STD\startup_nrf52832.S
      At line 202 in file mbed-os\targets\TARGET_NORDIC\TARGET_NRF5\TARGET_MCU_
NRF52832\device\TOOLCHAIN_ARM_STD\startup_nrf52832.S

Reset_Handler 00000000

Symbol: Reset_Handler
   Definitions
      At line 107 in file mbed-os\targets\TARGET_NORDIC\TARGET_NRF5\TARGET_MCU_
NRF52832\device\TOOLCHAIN_ARM_STD\startup_nrf52832.S
   Uses
      At line 41 in file mbed-os\targets\TARGET_NORDIC\TARGET_NRF5\TARGET_MCU_N
RF52832\device\TOOLCHAIN_ARM_STD\startup_nrf52832.S
      At line 108 in file mbed-os\targets\TARGET_NORDIC\TARGET_NRF5\TARGET_MCU_
NRF52832\device\TOOLCHAIN_ARM_STD\startup_nrf52832.S

SAADC_IRQHandler_v 0000001E

Symbol: SAADC_IRQHandler_v
   Definitions
      At line 212 in file mbed-os\targets\TARGET_NORDIC\TARGET_NRF5\TARGET_MCU_
NRF52832\device\TOOLCHAIN_ARM_STD\startup_nrf52832.S
   Uses
      At line 65 in file mbed-os\targets\TARGET_NORDIC\TARGET_NRF5\TARGET_MCU_N
RF52832\device\TOOLCHAIN_ARM_STD\startup_nrf52832.S
      At line 175 in file mbed-os\targets\TARGET_NORDIC\TARGET_NRF5\TARGET_MCU_
NRF52832\device\TOOLCHAIN_ARM_STD\startup_nrf52832.S

SPIM0_SPIS0_TWIM0_TWIS0_SPI0_TWI0_IRQHandler_v 0000001E

Symbol: SPIM0_SPIS0_TWIM0_TWIS0_SPI0_TWI0_IRQHandler_v
   Definitions
      At line 208 in file mbed-os\targets\TARGET_NORDIC\TARGET_NRF5\TARGET_MCU_
NRF52832\device\TOOLCHAIN_ARM_STD\startup_nrf52832.S
   Uses
      At line 61 in file mbed-os\targets\TARGET_NORDIC\TARGET_NRF5\TARGET_MCU_N
RF52832\device\TOOLCHAIN_ARM_STD\startup_nrf52832.S
      At line 171 in file mbed-os\targets\TARGET_NORDIC\TARGET_NRF5\TARGET_MCU_
NRF52832\device\TOOLCHAIN_ARM_STD\startup_nrf52832.S




ARM Macro Assembler    Page 7 Alphabetic symbol ordering
Relocatable symbols

SPIM1_SPIS1_TWIM1_TWIS1_SPI1_TWI1_IRQHandler_v 0000001E

Symbol: SPIM1_SPIS1_TWIM1_TWIS1_SPI1_TWI1_IRQHandler_v
   Definitions
      At line 209 in file mbed-os\targets\TARGET_NORDIC\TARGET_NRF5\TARGET_MCU_
NRF52832\device\TOOLCHAIN_ARM_STD\startup_nrf52832.S
   Uses
      At line 62 in file mbed-os\targets\TARGET_NORDIC\TARGET_NRF5\TARGET_MCU_N
RF52832\device\TOOLCHAIN_ARM_STD\startup_nrf52832.S
      At line 172 in file mbed-os\targets\TARGET_NORDIC\TARGET_NRF5\TARGET_MCU_
NRF52832\device\TOOLCHAIN_ARM_STD\startup_nrf52832.S

SPIM2_SPIS2_SPI2_IRQHandler_v 0000001E

Symbol: SPIM2_SPIS2_SPI2_IRQHandler_v
   Definitions
      At line 238 in file mbed-os\targets\TARGET_NORDIC\TARGET_NRF5\TARGET_MCU_
NRF52832\device\TOOLCHAIN_ARM_STD\startup_nrf52832.S
   Uses
      At line 93 in file mbed-os\targets\TARGET_NORDIC\TARGET_NRF5\TARGET_MCU_N
RF52832\device\TOOLCHAIN_ARM_STD\startup_nrf52832.S
      At line 201 in file mbed-os\targets\TARGET_NORDIC\TARGET_NRF5\TARGET_MCU_
NRF52832\device\TOOLCHAIN_ARM_STD\startup_nrf52832.S

SVC_Handler 00000016

Symbol: SVC_Handler
   Definitions
      At line 148 in file mbed-os\targets\TARGET_NORDIC\TARGET_NRF5\TARGET_MCU_
NRF52832\device\TOOLCHAIN_ARM_STD\startup_nrf52832.S
   Uses
      At line 51 in file mbed-os\targets\TARGET_NORDIC\TARGET_NRF5\TARGET_MCU_N
RF52832\device\TOOLCHAIN_ARM_STD\startup_nrf52832.S
      At line 149 in file mbed-os\targets\TARGET_NORDIC\TARGET_NRF5\TARGET_MCU_
NRF52832\device\TOOLCHAIN_ARM_STD\startup_nrf52832.S

SWI0_EGU0_IRQHandler_v 0000001E

Symbol: SWI0_EGU0_IRQHandler_v
   Definitions
      At line 225 in file mbed-os\targets\TARGET_NORDIC\TARGET_NRF5\TARGET_MCU_
NRF52832\device\TOOLCHAIN_ARM_STD\startup_nrf52832.S
   Uses
      At line 78 in file mbed-os\targets\TARGET_NORDIC\TARGET_NRF5\TARGET_MCU_N
RF52832\device\TOOLCHAIN_ARM_STD\startup_nrf52832.S
      At line 188 in file mbed-os\targets\TARGET_NORDIC\TARGET_NRF5\TARGET_MCU_
NRF52832\device\TOOLCHAIN_ARM_STD\startup_nrf52832.S

SWI1_EGU1_IRQHandler_v 0000001E

Symbol: SWI1_EGU1_IRQHandler_v
   Definitions
      At line 226 in file mbed-os\targets\TARGET_NORDIC\TARGET_NRF5\TARGET_MCU_
NRF52832\device\TOOLCHAIN_ARM_STD\startup_nrf52832.S
   Uses
      At line 79 in file mbed-os\targets\TARGET_NORDIC\TARGET_NRF5\TARGET_MCU_N
RF52832\device\TOOLCHAIN_ARM_STD\startup_nrf52832.S
      At line 189 in file mbed-os\targets\TARGET_NORDIC\TARGET_NRF5\TARGET_MCU_
NRF52832\device\TOOLCHAIN_ARM_STD\startup_nrf52832.S



ARM Macro Assembler    Page 8 Alphabetic symbol ordering
Relocatable symbols


SWI2_EGU2_IRQHandler_v 0000001E

Symbol: SWI2_EGU2_IRQHandler_v
   Definitions
      At line 227 in file mbed-os\targets\TARGET_NORDIC\TARGET_NRF5\TARGET_MCU_
NRF52832\device\TOOLCHAIN_ARM_STD\startup_nrf52832.S
   Uses
      At line 80 in file mbed-os\targets\TARGET_NORDIC\TARGET_NRF5\TARGET_MCU_N
RF52832\device\TOOLCHAIN_ARM_STD\startup_nrf52832.S
      At line 190 in file mbed-os\targets\TARGET_NORDIC\TARGET_NRF5\TARGET_MCU_
NRF52832\device\TOOLCHAIN_ARM_STD\startup_nrf52832.S

SWI3_EGU3_IRQHandler_v 0000001E

Symbol: SWI3_EGU3_IRQHandler_v
   Definitions
      At line 228 in file mbed-os\targets\TARGET_NORDIC\TARGET_NRF5\TARGET_MCU_
NRF52832\device\TOOLCHAIN_ARM_STD\startup_nrf52832.S
   Uses
      At line 81 in file mbed-os\targets\TARGET_NORDIC\TARGET_NRF5\TARGET_MCU_N
RF52832\device\TOOLCHAIN_ARM_STD\startup_nrf52832.S
      At line 191 in file mbed-os\targets\TARGET_NORDIC\TARGET_NRF5\TARGET_MCU_
NRF52832\device\TOOLCHAIN_ARM_STD\startup_nrf52832.S

SWI4_EGU4_IRQHandler 0000001E

Symbol: SWI4_EGU4_IRQHandler
   Definitions
      At line 229 in file mbed-os\targets\TARGET_NORDIC\TARGET_NRF5\TARGET_MCU_
NRF52832\device\TOOLCHAIN_ARM_STD\startup_nrf52832.S
   Uses
      At line 82 in file mbed-os\targets\TARGET_NORDIC\TARGET_NRF5\TARGET_MCU_N
RF52832\device\TOOLCHAIN_ARM_STD\startup_nrf52832.S
      At line 192 in file mbed-os\targets\TARGET_NORDIC\TARGET_NRF5\TARGET_MCU_
NRF52832\device\TOOLCHAIN_ARM_STD\startup_nrf52832.S

SWI5_EGU5_IRQHandler 0000001E

Symbol: SWI5_EGU5_IRQHandler
   Definitions
      At line 230 in file mbed-os\targets\TARGET_NORDIC\TARGET_NRF5\TARGET_MCU_
NRF52832\device\TOOLCHAIN_ARM_STD\startup_nrf52832.S
   Uses
      At line 83 in file mbed-os\targets\TARGET_NORDIC\TARGET_NRF5\TARGET_MCU_N
RF52832\device\TOOLCHAIN_ARM_STD\startup_nrf52832.S
      At line 193 in file mbed-os\targets\TARGET_NORDIC\TARGET_NRF5\TARGET_MCU_
NRF52832\device\TOOLCHAIN_ARM_STD\startup_nrf52832.S

SysTick_Handler 0000001C

Symbol: SysTick_Handler
   Definitions
      At line 161 in file mbed-os\targets\TARGET_NORDIC\TARGET_NRF5\TARGET_MCU_
NRF52832\device\TOOLCHAIN_ARM_STD\startup_nrf52832.S
   Uses
      At line 55 in file mbed-os\targets\TARGET_NORDIC\TARGET_NRF5\TARGET_MCU_N
RF52832\device\TOOLCHAIN_ARM_STD\startup_nrf52832.S
      At line 162 in file mbed-os\targets\TARGET_NORDIC\TARGET_NRF5\TARGET_MCU_



ARM Macro Assembler    Page 9 Alphabetic symbol ordering
Relocatable symbols

NRF52832\device\TOOLCHAIN_ARM_STD\startup_nrf52832.S

TEMP_IRQHandler_v 0000001E

Symbol: TEMP_IRQHandler_v
   Definitions
      At line 217 in file mbed-os\targets\TARGET_NORDIC\TARGET_NRF5\TARGET_MCU_
NRF52832\device\TOOLCHAIN_ARM_STD\startup_nrf52832.S
   Uses
      At line 70 in file mbed-os\targets\TARGET_NORDIC\TARGET_NRF5\TARGET_MCU_N
RF52832\device\TOOLCHAIN_ARM_STD\startup_nrf52832.S
      At line 180 in file mbed-os\targets\TARGET_NORDIC\TARGET_NRF5\TARGET_MCU_
NRF52832\device\TOOLCHAIN_ARM_STD\startup_nrf52832.S

TIMER0_IRQHandler_v 0000001E

Symbol: TIMER0_IRQHandler_v
   Definitions
      At line 213 in file mbed-os\targets\TARGET_NORDIC\TARGET_NRF5\TARGET_MCU_
NRF52832\device\TOOLCHAIN_ARM_STD\startup_nrf52832.S
   Uses
      At line 66 in file mbed-os\targets\TARGET_NORDIC\TARGET_NRF5\TARGET_MCU_N
RF52832\device\TOOLCHAIN_ARM_STD\startup_nrf52832.S
      At line 176 in file mbed-os\targets\TARGET_NORDIC\TARGET_NRF5\TARGET_MCU_
NRF52832\device\TOOLCHAIN_ARM_STD\startup_nrf52832.S

TIMER1_IRQHandler_v 0000001E

Symbol: TIMER1_IRQHandler_v
   Definitions
      At line 214 in file mbed-os\targets\TARGET_NORDIC\TARGET_NRF5\TARGET_MCU_
NRF52832\device\TOOLCHAIN_ARM_STD\startup_nrf52832.S
   Uses
      At line 67 in file mbed-os\targets\TARGET_NORDIC\TARGET_NRF5\TARGET_MCU_N
RF52832\device\TOOLCHAIN_ARM_STD\startup_nrf52832.S
      At line 177 in file mbed-os\targets\TARGET_NORDIC\TARGET_NRF5\TARGET_MCU_
NRF52832\device\TOOLCHAIN_ARM_STD\startup_nrf52832.S

TIMER2_IRQHandler_v 0000001E

Symbol: TIMER2_IRQHandler_v
   Definitions
      At line 215 in file mbed-os\targets\TARGET_NORDIC\TARGET_NRF5\TARGET_MCU_
NRF52832\device\TOOLCHAIN_ARM_STD\startup_nrf52832.S
   Uses
      At line 68 in file mbed-os\targets\TARGET_NORDIC\TARGET_NRF5\TARGET_MCU_N
RF52832\device\TOOLCHAIN_ARM_STD\startup_nrf52832.S
      At line 178 in file mbed-os\targets\TARGET_NORDIC\TARGET_NRF5\TARGET_MCU_
NRF52832\device\TOOLCHAIN_ARM_STD\startup_nrf52832.S

TIMER3_IRQHandler_v 0000001E

Symbol: TIMER3_IRQHandler_v
   Definitions
      At line 231 in file mbed-os\targets\TARGET_NORDIC\TARGET_NRF5\TARGET_MCU_
NRF52832\device\TOOLCHAIN_ARM_STD\startup_nrf52832.S
   Uses
      At line 84 in file mbed-os\targets\TARGET_NORDIC\TARGET_NRF5\TARGET_MCU_N
RF52832\device\TOOLCHAIN_ARM_STD\startup_nrf52832.S



ARM Macro Assembler    Page 10 Alphabetic symbol ordering
Relocatable symbols

      At line 194 in file mbed-os\targets\TARGET_NORDIC\TARGET_NRF5\TARGET_MCU_
NRF52832\device\TOOLCHAIN_ARM_STD\startup_nrf52832.S

TIMER4_IRQHandler_v 0000001E

Symbol: TIMER4_IRQHandler_v
   Definitions
      At line 232 in file mbed-os\targets\TARGET_NORDIC\TARGET_NRF5\TARGET_MCU_
NRF52832\device\TOOLCHAIN_ARM_STD\startup_nrf52832.S
   Uses
      At line 85 in file mbed-os\targets\TARGET_NORDIC\TARGET_NRF5\TARGET_MCU_N
RF52832\device\TOOLCHAIN_ARM_STD\startup_nrf52832.S
      At line 195 in file mbed-os\targets\TARGET_NORDIC\TARGET_NRF5\TARGET_MCU_
NRF52832\device\TOOLCHAIN_ARM_STD\startup_nrf52832.S

UARTE0_UART0_IRQHandler_v 0000001E

Symbol: UARTE0_UART0_IRQHandler_v
   Definitions
      At line 207 in file mbed-os\targets\TARGET_NORDIC\TARGET_NRF5\TARGET_MCU_
NRF52832\device\TOOLCHAIN_ARM_STD\startup_nrf52832.S
   Uses
      At line 60 in file mbed-os\targets\TARGET_NORDIC\TARGET_NRF5\TARGET_MCU_N
RF52832\device\TOOLCHAIN_ARM_STD\startup_nrf52832.S
      At line 170 in file mbed-os\targets\TARGET_NORDIC\TARGET_NRF5\TARGET_MCU_
NRF52832\device\TOOLCHAIN_ARM_STD\startup_nrf52832.S

UsageFault_Handler 00000014

Symbol: UsageFault_Handler
   Definitions
      At line 143 in file mbed-os\targets\TARGET_NORDIC\TARGET_NRF5\TARGET_MCU_
NRF52832\device\TOOLCHAIN_ARM_STD\startup_nrf52832.S
   Uses
      At line 46 in file mbed-os\targets\TARGET_NORDIC\TARGET_NRF5\TARGET_MCU_N
RF52832\device\TOOLCHAIN_ARM_STD\startup_nrf52832.S
      At line 145 in file mbed-os\targets\TARGET_NORDIC\TARGET_NRF5\TARGET_MCU_
NRF52832\device\TOOLCHAIN_ARM_STD\startup_nrf52832.S

WDT_IRQHandler_v 0000001E

Symbol: WDT_IRQHandler_v
   Definitions
      At line 221 in file mbed-os\targets\TARGET_NORDIC\TARGET_NRF5\TARGET_MCU_
NRF52832\device\TOOLCHAIN_ARM_STD\startup_nrf52832.S
   Uses
      At line 74 in file mbed-os\targets\TARGET_NORDIC\TARGET_NRF5\TARGET_MCU_N
RF52832\device\TOOLCHAIN_ARM_STD\startup_nrf52832.S
      At line 184 in file mbed-os\targets\TARGET_NORDIC\TARGET_NRF5\TARGET_MCU_
NRF52832\device\TOOLCHAIN_ARM_STD\startup_nrf52832.S

49 symbols



ARM Macro Assembler    Page 1 Alphabetic symbol ordering
Absolute symbols

__Vectors_Size 000000DC

Symbol: __Vectors_Size
   Definitions
      At line 100 in file mbed-os\targets\TARGET_NORDIC\TARGET_NRF5\TARGET_MCU_
NRF52832\device\TOOLCHAIN_ARM_STD\startup_nrf52832.S
   Uses
      At line 38 in file mbed-os\targets\TARGET_NORDIC\TARGET_NRF5\TARGET_MCU_N
RF52832\device\TOOLCHAIN_ARM_STD\startup_nrf52832.S
Comment: __Vectors_Size used once
__initial_sp 20010000

Symbol: __initial_sp
   Definitions
      At line 28 in file mbed-os\targets\TARGET_NORDIC\TARGET_NRF5\TARGET_MCU_N
RF52832\device\TOOLCHAIN_ARM_STD\startup_nrf52832.S
   Uses
      At line 40 in file mbed-os\targets\TARGET_NORDIC\TARGET_NRF5\TARGET_MCU_N
RF52832\device\TOOLCHAIN_ARM_STD\startup_nrf52832.S
Comment: __initial_sp used once
2 symbols



ARM Macro Assembler    Page 1 Alphabetic symbol ordering
External symbols

SystemInit 00000000

Symbol: SystemInit
   Definitions
      At line 109 in file mbed-os\targets\TARGET_NORDIC\TARGET_NRF5\TARGET_MCU_
NRF52832\device\TOOLCHAIN_ARM_STD\startup_nrf52832.S
   Uses
      At line 114 in file mbed-os\targets\TARGET_NORDIC\TARGET_NRF5\TARGET_MCU_
NRF52832\device\TOOLCHAIN_ARM_STD\startup_nrf52832.S
Comment: SystemInit used once
__main 00000000

Symbol: __main
   Definitions
      At line 110 in file mbed-os\targets\TARGET_NORDIC\TARGET_NRF5\TARGET_MCU_
NRF52832\device\TOOLCHAIN_ARM_STD\startup_nrf52832.S
   Uses
      At line 118 in file mbed-os\targets\TARGET_NORDIC\TARGET_NRF5\TARGET_MCU_
NRF52832\device\TOOLCHAIN_ARM_STD\startup_nrf52832.S
Comment: __main used once
nrf_reloc_vector_table 00000000

Symbol: nrf_reloc_vector_table
   Definitions
      At line 111 in file mbed-os\targets\TARGET_NORDIC\TARGET_NRF5\TARGET_MCU_
NRF52832\device\TOOLCHAIN_ARM_STD\startup_nrf52832.S
   Uses
      At line 116 in file mbed-os\targets\TARGET_NORDIC\TARGET_NRF5\TARGET_MCU_
NRF52832\device\TOOLCHAIN_ARM_STD\startup_nrf52832.S
Comment: nrf_reloc_vector_table used once
3 symbols
392 symbols in table
